SF:lib\domain\usecases\search_movies.dart
DA:9,1
DA:11,1
DA:12,2
LF:3
LH:3
end_of_record
SF:lib\domain\usecases\search_tvs.dart
DA:11,1
DA:13,1
DA:14,2
LF:3
LH:3
end_of_record
SF:lib\presentation\bloc\movie_search_bloc\movie_search_state.dart
DA:4,2
DA:6,1
DA:7,1
DA:18,2
DA:20,1
DA:21,2
DA:27,2
DA:29,1
DA:30,2
LF:9
LH:9
end_of_record
SF:lib\presentation\bloc\movie_search_bloc\movie_search_bloc.dart
DA:11,0
DA:12,0
DA:18,3
DA:19,1
DA:20,1
DA:21,1
DA:23,2
DA:25,3
DA:27,1
DA:28,4
DA:29,1
DA:30,2
DA:31,1
DA:32,2
LF:14
LH:12
end_of_record
SF:lib\presentation\bloc\movie_search_bloc\movie_search_event.dart
DA:4,1
DA:6,0
DA:7,0
DA:13,1
DA:14,0
DA:15,0
LF:6
LH:2
end_of_record
SF:lib\presentation\bloc\tv_search_bloc\tv_search_state.dart
DA:4,2
DA:6,1
DA:7,1
DA:18,2
DA:20,1
DA:21,2
DA:27,2
DA:29,1
DA:30,2
LF:9
LH:9
end_of_record
SF:lib\presentation\bloc\tv_search_bloc\tv_search_event.dart
DA:4,1
DA:6,0
DA:7,0
DA:13,1
DA:14,0
DA:15,0
LF:6
LH:2
end_of_record
SF:lib\presentation\bloc\tv_search_bloc\tv_search_bloc.dart
DA:12,0
DA:13,0
DA:19,3
DA:20,1
DA:21,1
DA:22,1
DA:24,2
DA:25,3
DA:27,1
DA:28,4
DA:29,1
DA:30,2
DA:31,1
DA:32,2
LF:14
LH:12
end_of_record
