SF:lib\data\datasources\tv_local_data_source.dart
DA:18,1
DA:21,1
DA:22,3
DA:24,1
DA:31,1
DA:32,3
DA:33,4
DA:37,1
DA:39,3
DA:42,2
DA:47,1
DA:49,3
DA:52,2
LF:13
LH:13
end_of_record
SF:lib\data\models\episode_model.dart
DA:11,15
DA:18,2
DA:19,1
DA:20,1
DA:21,1
DA:22,1
DA:23,1
DA:25,0
DA:26,0
DA:27,0
DA:28,0
DA:29,0
DA:30,0
DA:33,1
DA:34,1
DA:35,1
DA:36,1
DA:37,1
DA:38,1
DA:39,1
DA:42,1
DA:43,6
LF:22
LH:16
end_of_record
SF:lib\data\models\tv_genre_model.dart
DA:6,16
DA:14,4
DA:15,2
DA:16,2
DA:19,2
DA:20,1
DA:21,1
DA:24,2
DA:25,6
DA:28,2
DA:29,6
LF:11
LH:11
end_of_record
SF:lib\data\models\season_model.dart
DA:12,17
DA:19,4
DA:20,2
DA:21,2
DA:22,2
DA:23,2
DA:24,2
DA:26,2
DA:27,1
DA:28,1
DA:29,1
DA:30,1
DA:31,1
DA:34,3
DA:35,3
DA:36,3
DA:37,3
DA:38,3
DA:39,3
DA:40,3
DA:43,2
DA:44,12
LF:22
LH:22
end_of_record
SF:lib\data\models\tv_detail_model.dart
DA:8,16
DA:33,2
DA:34,2
DA:35,2
DA:36,2
DA:37,2
DA:38,8
DA:39,2
DA:40,2
DA:41,2
DA:42,2
DA:43,2
DA:44,2
DA:45,8
DA:46,2
DA:47,2
DA:49,2
DA:50,1
DA:51,1
DA:52,5
DA:53,1
DA:54,1
DA:55,1
DA:56,1
DA:57,1
DA:58,1
DA:59,2
DA:60,2
DA:63,1
DA:64,1
DA:67,2
DA:68,2
DA:69,2
DA:70,2
DA:71,10
DA:72,2
DA:73,2
DA:74,2
DA:75,2
DA:76,2
DA:77,10
DA:78,2
DA:79,2
DA:82,2
DA:83,2
DA:84,2
DA:85,2
DA:86,2
DA:87,2
DA:88,2
DA:89,2
DA:90,2
DA:91,2
DA:92,2
DA:93,2
DA:94,2
LF:56
LH:56
end_of_record
SF:lib\data\models\tv_model.dart
DA:5,16
DA:17,4
DA:18,2
DA:19,2
DA:20,2
DA:21,2
DA:23,2
DA:24,1
DA:25,1
DA:26,1
DA:27,1
DA:30,2
DA:31,2
DA:32,2
DA:33,2
DA:34,2
DA:35,2
DA:39,2
DA:40,2
DA:41,2
DA:42,2
DA:43,2
DA:44,2
LF:23
LH:23
end_of_record
SF:lib\data\models\tv_response.dart
DA:8,16
DA:10,4
DA:11,2
DA:12,2
DA:13,2
DA:14,4
DA:16,6
DA:20,2
DA:21,1
DA:22,2
DA:23,2
DA:28,1
DA:29,1
DA:30,1
LF:14
LH:14
end_of_record
SF:lib\data\models\tv_season_model.dart
DA:12,15
DA:19,2
DA:20,1
DA:21,4
DA:22,1
DA:23,1
DA:24,1
DA:27,0
DA:28,0
DA:29,0
DA:30,0
DA:31,0
DA:35,1
DA:36,1
DA:37,5
DA:38,1
DA:39,1
DA:40,1
DA:44,1
DA:45,5
LF:20
LH:15
end_of_record
SF:lib\data\models\tv_table.dart
DA:12,18
DA:19,2
DA:20,1
DA:21,1
DA:22,1
DA:23,1
DA:26,4
DA:27,2
DA:28,2
DA:29,2
DA:30,2
DA:33,2
DA:34,1
DA:35,1
DA:36,1
DA:37,1
DA:40,4
DA:41,2
DA:42,2
DA:43,2
DA:44,2
DA:47,3
DA:48,15
LF:23
LH:23
end_of_record
SF:lib\domain\entities\episode.dart
DA:11,3
DA:18,2
DA:19,12
LF:3
LH:3
end_of_record
SF:lib\domain\entities\tv_genre.dart
DA:4,16
DA:12,3
DA:13,9
LF:3
LH:3
end_of_record
SF:lib\domain\entities\season.dart
DA:11,6
DA:19,4
DA:20,4
DA:21,4
DA:22,4
DA:23,4
DA:24,4
DA:25,4
LF:8
LH:8
end_of_record
SF:lib\domain\entities\tv.dart
DA:10,6
DA:17,2
DA:24,7
DA:25,35
LF:4
LH:4
end_of_record
SF:lib\domain\entities\tv_detail.dart
DA:19,5
DA:32,3
DA:33,3
DA:34,3
DA:35,3
DA:36,3
DA:37,3
DA:38,3
DA:39,3
DA:40,3
DA:41,3
DA:42,3
DA:43,3
DA:44,3
LF:14
LH:14
end_of_record
SF:lib\domain\entities\tv_season.dart
DA:12,3
DA:19,2
DA:20,10
LF:3
LH:3
end_of_record
SF:lib\data\datasources\tv_remote_data_source.dart
DA:26,1
DA:29,1
DA:31,5
DA:33,2
DA:34,4
DA:36,1
DA:41,1
DA:43,5
DA:45,2
DA:46,4
DA:48,1
DA:53,1
DA:55,5
DA:57,2
DA:58,4
DA:60,1
DA:65,1
DA:66,5
DA:68,2
DA:69,3
DA:71,1
DA:76,1
DA:77,2
DA:78,3
DA:80,2
DA:81,4
DA:83,1
DA:88,1
DA:89,2
DA:90,3
DA:92,2
DA:93,4
DA:95,1
DA:100,1
DA:101,2
DA:102,3
DA:103,2
DA:104,3
DA:106,1
LF:39
LH:39
end_of_record
SF:lib\data\repositories\tv_repository_impl.dart
DA:20,1
DA:26,1
DA:28,3
DA:29,5
DA:30,1
DA:32,1
DA:34,0
DA:35,0
DA:40,1
DA:42,3
DA:43,5
DA:44,1
DA:46,1
DA:52,1
DA:54,3
DA:55,5
DA:56,1
DA:58,1
DA:64,1
DA:66,3
DA:67,2
DA:68,1
DA:70,1
DA:76,1
DA:78,3
DA:79,3
DA:80,1
DA:82,1
DA:88,1
DA:89,3
DA:90,5
DA:94,1
DA:95,3
DA:100,1
DA:103,4
DA:104,1
DA:105,1
DA:106,3
DA:111,1
DA:114,4
DA:115,1
DA:116,1
DA:117,3
DA:124,1
DA:126,3
DA:127,5
DA:128,1
DA:130,1
DA:136,1
DA:139,3
DA:140,2
DA:141,1
DA:143,1
LF:53
LH:51
end_of_record
SF:lib\domain\usecases\get_on_the_air_tvs.dart
DA:10,1
DA:12,1
DA:13,2
LF:3
LH:3
end_of_record
SF:lib\domain\usecases\get_popular_tvs.dart
DA:10,1
DA:12,1
DA:13,2
LF:3
LH:3
end_of_record
SF:lib\domain\usecases\get_top_rated_tvs.dart
DA:10,1
DA:12,1
DA:13,2
LF:3
LH:3
end_of_record
SF:lib\presentation\bloc\top_rated_tvs_bloc\top_rated_tvs_state.dart
DA:4,2
DA:6,1
DA:7,1
DA:17,2
DA:19,1
DA:20,2
DA:26,1
DA:28,1
DA:29,2
LF:9
LH:9
end_of_record
SF:lib\presentation\bloc\top_rated_tvs_bloc\top_rated_tvs_bloc.dart
DA:12,3
DA:13,2
DA:14,2
DA:15,3
DA:16,1
DA:17,4
DA:18,3
LF:7
LH:7
end_of_record
SF:lib\domain\usecases\get_tv_detail.dart
DA:10,1
DA:12,1
DA:13,2
LF:3
LH:3
end_of_record
SF:lib\domain\usecases\get_tv_recommendations.dart
DA:10,1
DA:12,1
DA:13,2
LF:3
LH:3
end_of_record
SF:lib\domain\usecases\get_tv_season.dart
DA:10,1
DA:12,1
DA:13,2
LF:3
LH:3
end_of_record
SF:lib\presentation\bloc\on_the_air_tvs_bloc\on_the_air_tvs_bloc.dart
DA:13,3
DA:14,2
DA:15,2
DA:16,3
DA:18,1
DA:19,4
DA:20,3
LF:7
LH:7
end_of_record
SF:lib\presentation\bloc\on_the_air_tvs_bloc\on_the_air_tvs_state.dart
DA:4,2
DA:6,1
DA:7,1
DA:17,2
DA:19,1
DA:20,2
DA:26,1
DA:28,1
DA:29,2
LF:9
LH:9
end_of_record
SF:lib\presentation\bloc\popular_tvs_bloc\popular_tvs_bloc.dart
DA:13,3
DA:14,2
DA:15,2
DA:16,3
DA:17,1
DA:18,4
DA:19,3
LF:7
LH:7
end_of_record
SF:lib\presentation\bloc\popular_tvs_bloc\popular_tvs_state.dart
DA:4,2
DA:6,1
DA:7,1
DA:17,2
DA:19,1
DA:20,2
DA:26,1
DA:28,1
DA:29,2
LF:9
LH:9
end_of_record
SF:lib\presentation\bloc\tv_detail_bloc\tv_detail_event.dart
DA:4,1
DA:6,0
DA:7,0
DA:12,1
DA:14,0
DA:15,0
LF:6
LH:2
end_of_record
SF:lib\presentation\bloc\tv_detail_bloc\tv_detail_state.dart
DA:4,2
DA:6,1
DA:7,1
DA:17,2
DA:19,1
DA:20,2
DA:27,1
DA:32,1
DA:33,3
LF:9
LH:9
end_of_record
SF:lib\presentation\bloc\tv_detail_bloc\tv_detail_bloc.dart
DA:21,1
DA:24,2
DA:25,1
DA:26,1
DA:27,1
DA:28,2
DA:29,3
DA:30,3
DA:32,2
DA:33,3
DA:34,1
DA:35,2
DA:36,1
DA:37,1
DA:38,3
DA:40,1
DA:41,2
LF:17
LH:17
end_of_record
SF:lib\presentation\bloc\tv_season_bloc\tv_season_state.dart
DA:4,1
DA:5,1
DA:15,1
DA:17,1
DA:18,2
DA:24,1
DA:26,1
DA:27,2
LF:8
LH:8
end_of_record
SF:lib\presentation\bloc\tv_season_bloc\tv_season_bloc.dart
DA:13,3
DA:14,2
DA:15,2
DA:16,1
DA:17,1
DA:19,3
DA:21,5
DA:22,3
LF:8
LH:8
end_of_record
SF:lib\presentation\bloc\tv_season_bloc\tv_season_event.dart
DA:4,0
DA:5,0
DA:12,1
DA:14,0
DA:15,0
LF:5
LH:1
end_of_record
SF:lib\presentation\bloc\tv_watchlist_bloc\tv_watchlist_state.dart
DA:4,2
DA:6,1
DA:7,1
DA:15,2
DA:17,1
DA:18,2
DA:24,2
DA:28,1
DA:29,2
DA:35,2
DA:37,1
DA:38,2
LF:12
LH:12
end_of_record
SF:lib\presentation\bloc\tv_watchlist_bloc\tv_watchlist_event.dart
DA:4,2
DA:6,0
DA:7,0
DA:12,2
DA:14,0
DA:15,0
DA:21,1
DA:23,0
DA:24,0
DA:30,1
DA:32,0
DA:33,0
LF:12
LH:4
end_of_record
SF:lib\presentation\bloc\tv_watchlist_bloc\tv_watchlist_bloc.dart
DA:20,1
DA:24,2
DA:25,2
DA:26,1
DA:27,3
DA:29,2
DA:31,1
DA:32,1
DA:33,1
DA:34,3
DA:36,1
DA:37,1
DA:38,3
DA:40,1
DA:41,2
DA:44,4
DA:47,1
DA:48,1
DA:49,1
DA:50,3
DA:52,1
DA:53,1
DA:54,3
DA:56,1
DA:57,2
DA:60,4
LF:26
LH:26
end_of_record
